[07-Feb-2024 14:05:27 UTC] PHP Warning:  Array to string conversion in /Users/neilcarribine/Dropbox/Marelle/app/public/wp-content/plugins/advanced-custom-fields-pro/includes/api/api-template.php on line 71
[07-Feb-2024 14:09:57 UTC] PHP Warning:  Array to string conversion in /Users/neilcarribine/Dropbox/Marelle/app/public/wp-content/plugins/advanced-custom-fields-pro/includes/api/api-template.php on line 71
[07-Feb-2024 14:10:18 UTC] PHP Warning:  Array to string conversion in /Users/neilcarribine/Dropbox/Marelle/app/public/wp-content/plugins/advanced-custom-fields-pro/includes/api/api-template.php on line 71
[07-Feb-2024 14:12:19 UTC] PHP Warning:  Array to string conversion in /Users/neilcarribine/Dropbox/Marelle/app/public/wp-content/plugins/advanced-custom-fields-pro/includes/api/api-template.php on line 71
[07-Feb-2024 16:05:24 UTC] PHP Parse error:  syntax error, unexpected identifier "get_sub_field" in /Users/neilcarribine/Dropbox/Marelle/app/public/wp-content/themes/marelle/page.php on line 66
[07-Feb-2024 16:59:47 UTC] PHP Warning:  Undefined variable $current_lang in /Users/neilcarribine/Dropbox/Marelle/app/public/wp-content/themes/marelle/header.php on line 30
[07-Feb-2024 16:59:47 UTC] PHP Warning:  Undefined variable $current_lang in /Users/neilcarribine/Dropbox/Marelle/app/public/wp-content/themes/marelle/header.php on line 32
[07-Feb-2024 16:59:48 UTC] PHP Warning:  Undefined variable $current_lang in /Users/neilcarribine/Dropbox/Marelle/app/public/wp-content/themes/marelle/header.php on line 30
[07-Feb-2024 16:59:48 UTC] PHP Warning:  Undefined variable $current_lang in /Users/neilcarribine/Dropbox/Marelle/app/public/wp-content/themes/marelle/header.php on line 32
[07-Feb-2024 16:59:54 UTC] PHP Warning:  Undefined variable $current_lang in /Users/neilcarribine/Dropbox/Marelle/app/public/wp-content/themes/marelle/header.php on line 30
[07-Feb-2024 16:59:54 UTC] PHP Warning:  Undefined variable $current_lang in /Users/neilcarribine/Dropbox/Marelle/app/public/wp-content/themes/marelle/header.php on line 32
[07-Feb-2024 16:59:54 UTC] PHP Warning:  Undefined variable $current_lang in /Users/neilcarribine/Dropbox/Marelle/app/public/wp-content/themes/marelle/header.php on line 30
[07-Feb-2024 16:59:54 UTC] PHP Warning:  Undefined variable $current_lang in /Users/neilcarribine/Dropbox/Marelle/app/public/wp-content/themes/marelle/header.php on line 32
[07-Feb-2024 17:01:30 UTC] PHP Warning:  Undefined variable $current_lang in /Users/neilcarribine/Dropbox/Marelle/app/public/wp-content/themes/marelle/header.php on line 31
[07-Feb-2024 17:01:30 UTC] PHP Warning:  Undefined variable $current_lang in /Users/neilcarribine/Dropbox/Marelle/app/public/wp-content/themes/marelle/header.php on line 33
[07-Feb-2024 17:01:31 UTC] PHP Warning:  Undefined variable $current_lang in /Users/neilcarribine/Dropbox/Marelle/app/public/wp-content/themes/marelle/header.php on line 31
[07-Feb-2024 17:01:31 UTC] PHP Warning:  Undefined variable $current_lang in /Users/neilcarribine/Dropbox/Marelle/app/public/wp-content/themes/marelle/header.php on line 33
[07-Feb-2024 17:57:53 UTC] PHP Warning:  Undefined variable $current_lang in /Users/neilcarribine/Dropbox/Marelle/app/public/wp-content/themes/marelle/page.php on line 22
[07-Feb-2024 17:57:53 UTC] PHP Warning:  Undefined variable $current_lang in /Users/neilcarribine/Dropbox/Marelle/app/public/wp-content/themes/marelle/page.php on line 28
[07-Feb-2024 17:57:53 UTC] PHP Warning:  Undefined variable $current_lang in /Users/neilcarribine/Dropbox/Marelle/app/public/wp-content/themes/marelle/page.php on line 50
[07-Feb-2024 17:57:53 UTC] PHP Warning:  Undefined variable $current_lang in /Users/neilcarribine/Dropbox/Marelle/app/public/wp-content/themes/marelle/page.php on line 59
[07-Feb-2024 20:24:42 UTC] PHP Warning:  Undefined variable $services_field in /Users/neilcarribine/Dropbox/Marelle/app/public/wp-content/themes/marelle/page.php on line 76
[07-Feb-2024 20:24:42 UTC] PHP Warning:  Undefined variable $rates_field in /Users/neilcarribine/Dropbox/Marelle/app/public/wp-content/themes/marelle/page.php on line 111
[07-Feb-2024 20:24:43 UTC] PHP Warning:  Undefined variable $rates_field in /Users/neilcarribine/Dropbox/Marelle/app/public/wp-content/themes/marelle/page.php on line 115
[07-Feb-2024 20:24:43 UTC] PHP Warning:  Undefined variable $rates_field in /Users/neilcarribine/Dropbox/Marelle/app/public/wp-content/themes/marelle/page.php on line 126
[07-Feb-2024 20:26:10 UTC] PHP Warning:  Undefined variable $services_field in /Users/neilcarribine/Dropbox/Marelle/app/public/wp-content/themes/marelle/page.php on line 76
[07-Feb-2024 20:26:49 UTC] PHP Warning:  Undefined variable $services_field in /Users/neilcarribine/Dropbox/Marelle/app/public/wp-content/themes/marelle/page.php on line 76
[07-Feb-2024 20:26:49 UTC] PHP Warning:  Undefined variable $rates_field in /Users/neilcarribine/Dropbox/Marelle/app/public/wp-content/themes/marelle/page.php on line 111
[07-Feb-2024 20:26:49 UTC] PHP Warning:  Undefined variable $rates_field in /Users/neilcarribine/Dropbox/Marelle/app/public/wp-content/themes/marelle/page.php on line 115
[07-Feb-2024 20:26:49 UTC] PHP Warning:  Undefined variable $rates_field in /Users/neilcarribine/Dropbox/Marelle/app/public/wp-content/themes/marelle/page.php on line 126
[07-Feb-2024 20:27:49 UTC] PHP Warning:  Undefined variable $rates_field in /Users/neilcarribine/Dropbox/Marelle/app/public/wp-content/themes/marelle/page.php on line 110
[07-Feb-2024 20:27:49 UTC] PHP Warning:  Undefined variable $rates_field in /Users/neilcarribine/Dropbox/Marelle/app/public/wp-content/themes/marelle/page.php on line 114
[07-Feb-2024 20:27:49 UTC] PHP Warning:  Undefined variable $rates_field in /Users/neilcarribine/Dropbox/Marelle/app/public/wp-content/themes/marelle/page.php on line 125
[07-Feb-2024 20:29:17 UTC] PHP Warning:  Undefined variable $rates_field in /Users/neilcarribine/Dropbox/Marelle/app/public/wp-content/themes/marelle/page.php on line 125
[08-Feb-2024 11:51:34 UTC] PHP Fatal error:  Uncaught TypeError: Cannot access offset of type string on string in /Users/neilcarribine/Dropbox/Marelle/app/public/wp-content/themes/marelle/page.php:36
Stack trace:
#0 /Users/neilcarribine/Dropbox/Marelle/app/public/wp-includes/template-loader.php(106): include()
#1 /Users/neilcarribine/Dropbox/Marelle/app/public/wp-blog-header.php(19): require_once('/Users/neilcarr...')
#2 /Users/neilcarribine/Dropbox/Marelle/app/public/index.php(17): require('/Users/neilcarr...')
#3 {main}
  thrown in /Users/neilcarribine/Dropbox/Marelle/app/public/wp-content/themes/marelle/page.php on line 36
[08-Feb-2024 11:51:41 UTC] PHP Fatal error:  Uncaught TypeError: Cannot access offset of type string on string in /Users/neilcarribine/Dropbox/Marelle/app/public/wp-content/themes/marelle/page.php:36
Stack trace:
#0 /Users/neilcarribine/Dropbox/Marelle/app/public/wp-includes/template-loader.php(106): include()
#1 /Users/neilcarribine/Dropbox/Marelle/app/public/wp-blog-header.php(19): require_once('/Users/neilcarr...')
#2 /Users/neilcarribine/Dropbox/Marelle/app/public/index.php(17): require('/Users/neilcarr...')
#3 {main}
  thrown in /Users/neilcarribine/Dropbox/Marelle/app/public/wp-content/themes/marelle/page.php on line 36
[08-Feb-2024 11:52:06 UTC] PHP Fatal error:  Uncaught TypeError: Cannot access offset of type string on string in /Users/neilcarribine/Dropbox/Marelle/app/public/wp-content/themes/marelle/page.php:36
Stack trace:
#0 /Users/neilcarribine/Dropbox/Marelle/app/public/wp-includes/template-loader.php(106): include()
#1 /Users/neilcarribine/Dropbox/Marelle/app/public/wp-blog-header.php(19): require_once('/Users/neilcarr...')
#2 /Users/neilcarribine/Dropbox/Marelle/app/public/index.php(17): require('/Users/neilcarr...')
#3 {main}
  thrown in /Users/neilcarribine/Dropbox/Marelle/app/public/wp-content/themes/marelle/page.php on line 36
[08-Feb-2024 11:52:07 UTC] PHP Fatal error:  Uncaught TypeError: Cannot access offset of type string on string in /Users/neilcarribine/Dropbox/Marelle/app/public/wp-content/themes/marelle/page.php:36
Stack trace:
#0 /Users/neilcarribine/Dropbox/Marelle/app/public/wp-includes/template-loader.php(106): include()
#1 /Users/neilcarribine/Dropbox/Marelle/app/public/wp-blog-header.php(19): require_once('/Users/neilcarr...')
#2 /Users/neilcarribine/Dropbox/Marelle/app/public/index.php(17): require('/Users/neilcarr...')
#3 {main}
  thrown in /Users/neilcarribine/Dropbox/Marelle/app/public/wp-content/themes/marelle/page.php on line 36
[08-Feb-2024 11:56:19 UTC] PHP Fatal error:  Uncaught TypeError: Cannot access offset of type string on string in /Users/neilcarribine/Dropbox/Marelle/app/public/wp-content/themes/marelle/page.php:37
Stack trace:
#0 /Users/neilcarribine/Dropbox/Marelle/app/public/wp-includes/template-loader.php(106): include()
#1 /Users/neilcarribine/Dropbox/Marelle/app/public/wp-blog-header.php(19): require_once('/Users/neilcarr...')
#2 /Users/neilcarribine/Dropbox/Marelle/app/public/index.php(17): require('/Users/neilcarr...')
#3 {main}
  thrown in /Users/neilcarribine/Dropbox/Marelle/app/public/wp-content/themes/marelle/page.php on line 37
[08-Feb-2024 11:56:20 UTC] PHP Fatal error:  Uncaught TypeError: Cannot access offset of type string on string in /Users/neilcarribine/Dropbox/Marelle/app/public/wp-content/themes/marelle/page.php:37
Stack trace:
#0 /Users/neilcarribine/Dropbox/Marelle/app/public/wp-includes/template-loader.php(106): include()
#1 /Users/neilcarribine/Dropbox/Marelle/app/public/wp-blog-header.php(19): require_once('/Users/neilcarr...')
#2 /Users/neilcarribine/Dropbox/Marelle/app/public/index.php(17): require('/Users/neilcarr...')
#3 {main}
  thrown in /Users/neilcarribine/Dropbox/Marelle/app/public/wp-content/themes/marelle/page.php on line 37
[08-Feb-2024 11:56:21 UTC] PHP Fatal error:  Uncaught TypeError: Cannot access offset of type string on string in /Users/neilcarribine/Dropbox/Marelle/app/public/wp-content/themes/marelle/page.php:37
Stack trace:
#0 /Users/neilcarribine/Dropbox/Marelle/app/public/wp-includes/template-loader.php(106): include()
#1 /Users/neilcarribine/Dropbox/Marelle/app/public/wp-blog-header.php(19): require_once('/Users/neilcarr...')
#2 /Users/neilcarribine/Dropbox/Marelle/app/public/index.php(17): require('/Users/neilcarr...')
#3 {main}
  thrown in /Users/neilcarribine/Dropbox/Marelle/app/public/wp-content/themes/marelle/page.php on line 37
[08-Feb-2024 11:56:34 UTC] PHP Fatal error:  Uncaught TypeError: Cannot access offset of type string on string in /Users/neilcarribine/Dropbox/Marelle/app/public/wp-content/themes/marelle/page.php:35
Stack trace:
#0 /Users/neilcarribine/Dropbox/Marelle/app/public/wp-includes/template-loader.php(106): include()
#1 /Users/neilcarribine/Dropbox/Marelle/app/public/wp-blog-header.php(19): require_once('/Users/neilcarr...')
#2 /Users/neilcarribine/Dropbox/Marelle/app/public/index.php(17): require('/Users/neilcarr...')
#3 {main}
  thrown in /Users/neilcarribine/Dropbox/Marelle/app/public/wp-content/themes/marelle/page.php on line 35
[08-Feb-2024 11:56:35 UTC] PHP Fatal error:  Uncaught TypeError: Cannot access offset of type string on string in /Users/neilcarribine/Dropbox/Marelle/app/public/wp-content/themes/marelle/page.php:35
Stack trace:
#0 /Users/neilcarribine/Dropbox/Marelle/app/public/wp-includes/template-loader.php(106): include()
#1 /Users/neilcarribine/Dropbox/Marelle/app/public/wp-blog-header.php(19): require_once('/Users/neilcarr...')
#2 /Users/neilcarribine/Dropbox/Marelle/app/public/index.php(17): require('/Users/neilcarr...')
#3 {main}
  thrown in /Users/neilcarribine/Dropbox/Marelle/app/public/wp-content/themes/marelle/page.php on line 35
[08-Feb-2024 11:56:38 UTC] PHP Fatal error:  Uncaught TypeError: Cannot access offset of type string on string in /Users/neilcarribine/Dropbox/Marelle/app/public/wp-content/themes/marelle/page.php:35
Stack trace:
#0 /Users/neilcarribine/Dropbox/Marelle/app/public/wp-includes/template-loader.php(106): include()
#1 /Users/neilcarribine/Dropbox/Marelle/app/public/wp-blog-header.php(19): require_once('/Users/neilcarr...')
#2 /Users/neilcarribine/Dropbox/Marelle/app/public/index.php(17): require('/Users/neilcarr...')
#3 {main}
  thrown in /Users/neilcarribine/Dropbox/Marelle/app/public/wp-content/themes/marelle/page.php on line 35
[08-Feb-2024 11:58:12 UTC] PHP Fatal error:  Uncaught TypeError: printf(): Argument #1 ($format) must be of type string, array given in /Users/neilcarribine/Dropbox/Marelle/app/public/wp-content/themes/marelle/page.php:30
Stack trace:
#0 /Users/neilcarribine/Dropbox/Marelle/app/public/wp-content/themes/marelle/page.php(30): printf(Array)
#1 /Users/neilcarribine/Dropbox/Marelle/app/public/wp-includes/template-loader.php(106): include('/Users/neilcarr...')
#2 /Users/neilcarribine/Dropbox/Marelle/app/public/wp-blog-header.php(19): require_once('/Users/neilcarr...')
#3 /Users/neilcarribine/Dropbox/Marelle/app/public/index.php(17): require('/Users/neilcarr...')
#4 {main}
  thrown in /Users/neilcarribine/Dropbox/Marelle/app/public/wp-content/themes/marelle/page.php on line 30
[08-Feb-2024 11:58:56 UTC] PHP Warning:  Array to string conversion in /Users/neilcarribine/Dropbox/Marelle/app/public/wp-content/themes/marelle/page.php on line 30
[08-Feb-2024 11:59:15 UTC] PHP Warning:  Array to string conversion in /Users/neilcarribine/Dropbox/Marelle/app/public/wp-content/themes/marelle/page.php on line 30
[08-Feb-2024 11:59:16 UTC] PHP Warning:  Array to string conversion in /Users/neilcarribine/Dropbox/Marelle/app/public/wp-content/themes/marelle/page.php on line 30
[08-Feb-2024 12:09:41 UTC] PHP Fatal error:  Uncaught TypeError: Cannot access offset of type string on string in /Users/neilcarribine/Dropbox/Marelle/app/public/wp-content/themes/marelle/page.php:37
Stack trace:
#0 /Users/neilcarribine/Dropbox/Marelle/app/public/wp-includes/template-loader.php(106): include()
#1 /Users/neilcarribine/Dropbox/Marelle/app/public/wp-blog-header.php(19): require_once('/Users/neilcarr...')
#2 /Users/neilcarribine/Dropbox/Marelle/app/public/index.php(17): require('/Users/neilcarr...')
#3 {main}
  thrown in /Users/neilcarribine/Dropbox/Marelle/app/public/wp-content/themes/marelle/page.php on line 37
[08-Feb-2024 15:25:40 UTC] PHP Warning:  Undefined variable $image_data in /Users/neilcarribine/Dropbox/Marelle/app/public/wp-content/themes/marelle/functions.php on line 161
[08-Feb-2024 15:25:56 UTC] PHP Warning:  Undefined variable $image_data in /Users/neilcarribine/Dropbox/Marelle/app/public/wp-content/themes/marelle/functions.php on line 161
[08-Feb-2024 15:36:26 UTC] PHP Warning:  Undefined variable $image_data in /Users/neilcarribine/Dropbox/Marelle/app/public/wp-content/themes/marelle/functions.php on line 161
[08-Feb-2024 15:38:25 UTC] PHP Warning:  Undefined variable $image_data in /Users/neilcarribine/Dropbox/Marelle/app/public/wp-content/themes/marelle/functions.php on line 161
[08-Feb-2024 15:38:35 UTC] PHP Warning:  Undefined variable $image_data in /Users/neilcarribine/Dropbox/Marelle/app/public/wp-content/themes/marelle/functions.php on line 161
[08-Feb-2024 15:39:47 UTC] PHP Warning:  Undefined variable $image_data in /Users/neilcarribine/Dropbox/Marelle/app/public/wp-content/themes/marelle/functions.php on line 161
[08-Feb-2024 15:40:17 UTC] PHP Warning:  Undefined variable $image_data in /Users/neilcarribine/Dropbox/Marelle/app/public/wp-content/themes/marelle/functions.php on line 161
[08-Feb-2024 15:40:26 UTC] PHP Warning:  Undefined variable $image_data in /Users/neilcarribine/Dropbox/Marelle/app/public/wp-content/themes/marelle/functions.php on line 161
[08-Feb-2024 15:40:34 UTC] PHP Warning:  Undefined variable $image_data in /Users/neilcarribine/Dropbox/Marelle/app/public/wp-content/themes/marelle/functions.php on line 161
[08-Feb-2024 15:42:10 UTC] PHP Warning:  Undefined variable $image_data in /Users/neilcarribine/Dropbox/Marelle/app/public/wp-content/themes/marelle/functions.php on line 161
[08-Feb-2024 15:42:49 UTC] PHP Warning:  Undefined variable $image_data in /Users/neilcarribine/Dropbox/Marelle/app/public/wp-content/themes/marelle/functions.php on line 161
[08-Feb-2024 15:43:04 UTC] PHP Warning:  Undefined variable $image_data in /Users/neilcarribine/Dropbox/Marelle/app/public/wp-content/themes/marelle/functions.php on line 161
[08-Feb-2024 15:47:04 UTC] PHP Warning:  Undefined variable $image_data in /Users/neilcarribine/Dropbox/Marelle/app/public/wp-content/themes/marelle/functions.php on line 161
[08-Feb-2024 15:51:46 UTC] PHP Warning:  Undefined variable $image_data in /Users/neilcarribine/Dropbox/Marelle/app/public/wp-content/themes/marelle/functions.php on line 161
[08-Feb-2024 16:04:00 UTC] PHP Warning:  Undefined variable $image_data in /Users/neilcarribine/Dropbox/Marelle/app/public/wp-content/themes/marelle/functions.php on line 161
[08-Feb-2024 16:08:15 UTC] PHP Warning:  Undefined variable $image_data in /Users/neilcarribine/Dropbox/Marelle/app/public/wp-content/themes/marelle/functions.php on line 161
[08-Feb-2024 16:08:43 UTC] PHP Warning:  Undefined variable $image_data in /Users/neilcarribine/Dropbox/Marelle/app/public/wp-content/themes/marelle/functions.php on line 161
[08-Feb-2024 16:35:03 UTC] PHP Warning:  Undefined variable $image_data in /Users/neilcarribine/Dropbox/Marelle/app/public/wp-content/themes/marelle/functions.php on line 161
[08-Feb-2024 16:35:30 UTC] PHP Warning:  Undefined variable $image_data in /Users/neilcarribine/Dropbox/Marelle/app/public/wp-content/themes/marelle/functions.php on line 161
[08-Feb-2024 16:43:42 UTC] PHP Warning:  Undefined variable $image_data in /Users/neilcarribine/Dropbox/Marelle/app/public/wp-content/themes/marelle/functions.php on line 161
[08-Feb-2024 16:50:06 UTC] PHP Warning:  Undefined variable $image_data in /Users/neilcarribine/Dropbox/Marelle/app/public/wp-content/themes/marelle/functions.php on line 161
[08-Feb-2024 16:50:52 UTC] PHP Warning:  Undefined variable $image_data in /Users/neilcarribine/Dropbox/Marelle/app/public/wp-content/themes/marelle/functions.php on line 161
[08-Feb-2024 16:57:30 UTC] PHP Warning:  Undefined variable $image_data in /Users/neilcarribine/Dropbox/Marelle/app/public/wp-content/themes/marelle/functions.php on line 161
[08-Feb-2024 18:28:55 UTC] PHP Warning:  Undefined variable $image_data in /Users/neilcarribine/Dropbox/Marelle/app/public/wp-content/themes/marelle/functions.php on line 161
[08-Feb-2024 18:29:25 UTC] PHP Warning:  Undefined variable $image_data in /Users/neilcarribine/Dropbox/Marelle/app/public/wp-content/themes/marelle/functions.php on line 161
[08-Feb-2024 18:35:49 UTC] PHP Warning:  Undefined variable $image_data in /Users/neilcarribine/Dropbox/Marelle/app/public/wp-content/themes/marelle/functions.php on line 161
[08-Feb-2024 18:35:56 UTC] PHP Warning:  Undefined variable $image_data in /Users/neilcarribine/Dropbox/Marelle/app/public/wp-content/themes/marelle/functions.php on line 161
[08-Feb-2024 18:36:35 UTC] PHP Warning:  Undefined variable $image_data in /Users/neilcarribine/Dropbox/Marelle/app/public/wp-content/themes/marelle/functions.php on line 161
[08-Feb-2024 18:39:05 UTC] PHP Warning:  Undefined variable $image_data in /Users/neilcarribine/Dropbox/Marelle/app/public/wp-content/themes/marelle/functions.php on line 161
[08-Feb-2024 18:39:53 UTC] PHP Warning:  Undefined variable $image_data in /Users/neilcarribine/Dropbox/Marelle/app/public/wp-content/themes/marelle/functions.php on line 161
[08-Feb-2024 18:42:05 UTC] PHP Warning:  Undefined variable $image_data in /Users/neilcarribine/Dropbox/Marelle/app/public/wp-content/themes/marelle/functions.php on line 161
[08-Feb-2024 18:43:07 UTC] PHP Warning:  Undefined variable $image_data in /Users/neilcarribine/Dropbox/Marelle/app/public/wp-content/themes/marelle/functions.php on line 161
[08-Feb-2024 18:43:28 UTC] PHP Warning:  Undefined variable $image_data in /Users/neilcarribine/Dropbox/Marelle/app/public/wp-content/themes/marelle/functions.php on line 161
[08-Feb-2024 19:50:14 UTC] PHP Warning:  Undefined variable $image_data in /Users/neilcarribine/Dropbox/Marelle/app/public/wp-content/themes/marelle/functions.php on line 161
[08-Feb-2024 19:51:08 UTC] PHP Warning:  Undefined variable $image_data in /Users/neilcarribine/Dropbox/Marelle/app/public/wp-content/themes/marelle/functions.php on line 161
[08-Feb-2024 19:51:44 UTC] PHP Warning:  Undefined variable $image_data in /Users/neilcarribine/Dropbox/Marelle/app/public/wp-content/themes/marelle/functions.php on line 161
[08-Feb-2024 19:53:00 UTC] PHP Warning:  Undefined variable $image_data in /Users/neilcarribine/Dropbox/Marelle/app/public/wp-content/themes/marelle/functions.php on line 161
[08-Feb-2024 19:57:20 UTC] PHP Warning:  Undefined variable $image_data in /Users/neilcarribine/Dropbox/Marelle/app/public/wp-content/themes/marelle/functions.php on line 161
[08-Feb-2024 19:59:50 UTC] PHP Warning:  Undefined variable $image_data in /Users/neilcarribine/Dropbox/Marelle/app/public/wp-content/themes/marelle/functions.php on line 161
[08-Feb-2024 20:03:30 UTC] PHP Warning:  Undefined variable $image_data in /Users/neilcarribine/Dropbox/Marelle/app/public/wp-content/themes/marelle/functions.php on line 161
[08-Feb-2024 20:07:16 UTC] PHP Warning:  Undefined variable $image_data in /Users/neilcarribine/Dropbox/Marelle/app/public/wp-content/themes/marelle/functions.php on line 161
[08-Feb-2024 20:07:30 UTC] PHP Warning:  Undefined variable $image_data in /Users/neilcarribine/Dropbox/Marelle/app/public/wp-content/themes/marelle/functions.php on line 161
[08-Feb-2024 20:08:13 UTC] PHP Warning:  Undefined variable $image_data in /Users/neilcarribine/Dropbox/Marelle/app/public/wp-content/themes/marelle/functions.php on line 161
[08-Feb-2024 20:09:19 UTC] PHP Warning:  Undefined variable $image_data in /Users/neilcarribine/Dropbox/Marelle/app/public/wp-content/themes/marelle/functions.php on line 161
[08-Feb-2024 20:09:24 UTC] PHP Warning:  Undefined variable $image_data in /Users/neilcarribine/Dropbox/Marelle/app/public/wp-content/themes/marelle/functions.php on line 161
[08-Feb-2024 20:09:37 UTC] PHP Warning:  Undefined variable $image_data in /Users/neilcarribine/Dropbox/Marelle/app/public/wp-content/themes/marelle/functions.php on line 161
[08-Feb-2024 20:09:40 UTC] PHP Warning:  Undefined variable $image_data in /Users/neilcarribine/Dropbox/Marelle/app/public/wp-content/themes/marelle/functions.php on line 161
[08-Feb-2024 20:10:13 UTC] PHP Warning:  Undefined variable $image_data in /Users/neilcarribine/Dropbox/Marelle/app/public/wp-content/themes/marelle/functions.php on line 161
[08-Feb-2024 20:11:30 UTC] PHP Warning:  Undefined variable $image_data in /Users/neilcarribine/Dropbox/Marelle/app/public/wp-content/themes/marelle/functions.php on line 161
[08-Feb-2024 20:11:46 UTC] PHP Warning:  Undefined variable $image_data in /Users/neilcarribine/Dropbox/Marelle/app/public/wp-content/themes/marelle/functions.php on line 161
[08-Feb-2024 20:12:06 UTC] PHP Warning:  Undefined variable $image_data in /Users/neilcarribine/Dropbox/Marelle/app/public/wp-content/themes/marelle/functions.php on line 161
[08-Feb-2024 20:12:43 UTC] PHP Warning:  Undefined variable $image_data in /Users/neilcarribine/Dropbox/Marelle/app/public/wp-content/themes/marelle/functions.php on line 161
[08-Feb-2024 20:13:45 UTC] PHP Warning:  Undefined variable $image_data in /Users/neilcarribine/Dropbox/Marelle/app/public/wp-content/themes/marelle/functions.php on line 161
[08-Feb-2024 20:13:57 UTC] PHP Warning:  Undefined variable $image_data in /Users/neilcarribine/Dropbox/Marelle/app/public/wp-content/themes/marelle/functions.php on line 161
[08-Feb-2024 20:19:02 UTC] PHP Warning:  Undefined variable $image_data in /Users/neilcarribine/Dropbox/Marelle/app/public/wp-content/themes/marelle/functions.php on line 161
[08-Feb-2024 20:19:34 UTC] PHP Warning:  Undefined variable $image_data in /Users/neilcarribine/Dropbox/Marelle/app/public/wp-content/themes/marelle/functions.php on line 161
[08-Feb-2024 20:21:34 UTC] PHP Warning:  Undefined variable $image_data in /Users/neilcarribine/Dropbox/Marelle/app/public/wp-content/themes/marelle/functions.php on line 161
[08-Feb-2024 20:22:11 UTC] PHP Warning:  Undefined variable $image_data in /Users/neilcarribine/Dropbox/Marelle/app/public/wp-content/themes/marelle/functions.php on line 161
[08-Feb-2024 20:23:07 UTC] PHP Warning:  Undefined variable $image_data in /Users/neilcarribine/Dropbox/Marelle/app/public/wp-content/themes/marelle/functions.php on line 161
[08-Feb-2024 20:23:50 UTC] PHP Warning:  Undefined variable $image_data in /Users/neilcarribine/Dropbox/Marelle/app/public/wp-content/themes/marelle/functions.php on line 161
[08-Feb-2024 20:25:01 UTC] PHP Warning:  Undefined variable $image_data in /Users/neilcarribine/Dropbox/Marelle/app/public/wp-content/themes/marelle/functions.php on line 161
[08-Feb-2024 20:25:44 UTC] PHP Warning:  Undefined variable $image_data in /Users/neilcarribine/Dropbox/Marelle/app/public/wp-content/themes/marelle/functions.php on line 161
[08-Feb-2024 20:26:41 UTC] PHP Warning:  Undefined variable $image_data in /Users/neilcarribine/Dropbox/Marelle/app/public/wp-content/themes/marelle/functions.php on line 161
[08-Feb-2024 20:26:53 UTC] PHP Warning:  Undefined variable $image_data in /Users/neilcarribine/Dropbox/Marelle/app/public/wp-content/themes/marelle/functions.php on line 161
[08-Feb-2024 20:27:58 UTC] PHP Warning:  Undefined variable $image_data in /Users/neilcarribine/Dropbox/Marelle/app/public/wp-content/themes/marelle/functions.php on line 161
[08-Feb-2024 20:28:55 UTC] PHP Warning:  Undefined variable $image_data in /Users/neilcarribine/Dropbox/Marelle/app/public/wp-content/themes/marelle/functions.php on line 161
[08-Feb-2024 20:29:42 UTC] PHP Warning:  Undefined variable $image_data in /Users/neilcarribine/Dropbox/Marelle/app/public/wp-content/themes/marelle/functions.php on line 161
[08-Feb-2024 20:32:50 UTC] PHP Warning:  Undefined variable $image_data in /Users/neilcarribine/Dropbox/Marelle/app/public/wp-content/themes/marelle/functions.php on line 161
[08-Feb-2024 20:33:25 UTC] PHP Warning:  Undefined variable $image_data in /Users/neilcarribine/Dropbox/Marelle/app/public/wp-content/themes/marelle/functions.php on line 161
[08-Feb-2024 20:33:39 UTC] PHP Warning:  Undefined variable $image_data in /Users/neilcarribine/Dropbox/Marelle/app/public/wp-content/themes/marelle/functions.php on line 161
[08-Feb-2024 20:34:23 UTC] PHP Warning:  Undefined variable $image_data in /Users/neilcarribine/Dropbox/Marelle/app/public/wp-content/themes/marelle/functions.php on line 161
[08-Feb-2024 20:34:44 UTC] PHP Warning:  Undefined variable $image_data in /Users/neilcarribine/Dropbox/Marelle/app/public/wp-content/themes/marelle/functions.php on line 161
[08-Feb-2024 20:35:45 UTC] PHP Warning:  Undefined variable $image_data in /Users/neilcarribine/Dropbox/Marelle/app/public/wp-content/themes/marelle/functions.php on line 161
[08-Feb-2024 20:36:32 UTC] PHP Warning:  Undefined variable $image_data in /Users/neilcarribine/Dropbox/Marelle/app/public/wp-content/themes/marelle/functions.php on line 161
[08-Feb-2024 20:37:54 UTC] PHP Warning:  Undefined variable $image_data in /Users/neilcarribine/Dropbox/Marelle/app/public/wp-content/themes/marelle/functions.php on line 161
[08-Feb-2024 20:38:29 UTC] PHP Warning:  Undefined variable $image_data in /Users/neilcarribine/Dropbox/Marelle/app/public/wp-content/themes/marelle/functions.php on line 161
[08-Feb-2024 20:39:33 UTC] PHP Warning:  Undefined variable $image_data in /Users/neilcarribine/Dropbox/Marelle/app/public/wp-content/themes/marelle/functions.php on line 161
[08-Feb-2024 20:39:39 UTC] PHP Warning:  Undefined variable $image_data in /Users/neilcarribine/Dropbox/Marelle/app/public/wp-content/themes/marelle/functions.php on line 161
[14-Feb-2024 09:49:41 UTC] PHP Warning:  Undefined variable $image_data in /Users/neilcarribine/Dropbox/Marelle/app/public/wp-content/themes/marelle/functions.php on line 161
[14-Feb-2024 09:50:04 UTC] PHP Warning:  Undefined variable $image_data in /Users/neilcarribine/Dropbox/Marelle/app/public/wp-content/themes/marelle/functions.php on line 161
[14-Feb-2024 09:54:54 UTC] PHP Warning:  Undefined variable $image_data in /Users/neilcarribine/Dropbox/Marelle/app/public/wp-content/themes/marelle/functions.php on line 161
[14-Feb-2024 09:55:07 UTC] PHP Warning:  Undefined variable $image_data in /Users/neilcarribine/Dropbox/Marelle/app/public/wp-content/themes/marelle/functions.php on line 161
[14-Feb-2024 09:55:15 UTC] PHP Warning:  Undefined variable $image_data in /Users/neilcarribine/Dropbox/Marelle/app/public/wp-content/themes/marelle/functions.php on line 161
[14-Feb-2024 09:55:23 UTC] PHP Warning:  Undefined variable $image_data in /Users/neilcarribine/Dropbox/Marelle/app/public/wp-content/themes/marelle/functions.php on line 161
[14-Feb-2024 09:55:34 UTC] PHP Warning:  Undefined variable $image_data in /Users/neilcarribine/Dropbox/Marelle/app/public/wp-content/themes/marelle/functions.php on line 161
[14-Feb-2024 09:56:30 UTC] PHP Warning:  Undefined variable $image_data in /Users/neilcarribine/Dropbox/Marelle/app/public/wp-content/themes/marelle/functions.php on line 161
[14-Feb-2024 09:56:43 UTC] PHP Warning:  Undefined variable $image_data in /Users/neilcarribine/Dropbox/Marelle/app/public/wp-content/themes/marelle/functions.php on line 161
[14-Feb-2024 09:57:31 UTC] PHP Warning:  Undefined variable $image_data in /Users/neilcarribine/Dropbox/Marelle/app/public/wp-content/themes/marelle/functions.php on line 161
[14-Feb-2024 09:57:32 UTC] PHP Warning:  Undefined variable $image_data in /Users/neilcarribine/Dropbox/Marelle/app/public/wp-content/themes/marelle/functions.php on line 161
[14-Feb-2024 09:57:32 UTC] PHP Warning:  Undefined variable $image_data in /Users/neilcarribine/Dropbox/Marelle/app/public/wp-content/themes/marelle/functions.php on line 161
[14-Feb-2024 09:57:36 UTC] PHP Warning:  Undefined variable $image_data in /Users/neilcarribine/Dropbox/Marelle/app/public/wp-content/themes/marelle/functions.php on line 161
[14-Feb-2024 09:57:55 UTC] PHP Warning:  Undefined variable $image_data in /Users/neilcarribine/Dropbox/Marelle/app/public/wp-content/themes/marelle/functions.php on line 161
[14-Feb-2024 09:57:57 UTC] PHP Warning:  Undefined variable $image_data in /Users/neilcarribine/Dropbox/Marelle/app/public/wp-content/themes/marelle/functions.php on line 161
[14-Feb-2024 09:58:01 UTC] PHP Warning:  Undefined variable $image_data in /Users/neilcarribine/Dropbox/Marelle/app/public/wp-content/themes/marelle/functions.php on line 161
[14-Feb-2024 09:58:26 UTC] PHP Warning:  Undefined variable $image_data in /Users/neilcarribine/Dropbox/Marelle/app/public/wp-content/themes/marelle/functions.php on line 161
[14-Feb-2024 09:59:21 UTC] PHP Warning:  Undefined variable $image_data in /Users/neilcarribine/Dropbox/Marelle/app/public/wp-content/themes/marelle/functions.php on line 161
[14-Feb-2024 09:59:36 UTC] PHP Warning:  Undefined variable $image_data in /Users/neilcarribine/Dropbox/Marelle/app/public/wp-content/themes/marelle/functions.php on line 161
[14-Feb-2024 09:59:45 UTC] PHP Warning:  Undefined variable $image_data in /Users/neilcarribine/Dropbox/Marelle/app/public/wp-content/themes/marelle/functions.php on line 161
[14-Feb-2024 10:02:30 UTC] PHP Warning:  Undefined variable $image_data in /Users/neilcarribine/Dropbox/Marelle/app/public/wp-content/themes/marelle/functions.php on line 161
[14-Feb-2024 10:02:43 UTC] PHP Warning:  Undefined variable $image_data in /Users/neilcarribine/Dropbox/Marelle/app/public/wp-content/themes/marelle/functions.php on line 161
[14-Feb-2024 10:03:22 UTC] PHP Warning:  Undefined variable $image_data in /Users/neilcarribine/Dropbox/Marelle/app/public/wp-content/themes/marelle/functions.php on line 161
[14-Feb-2024 10:04:02 UTC] PHP Warning:  Undefined variable $image_data in /Users/neilcarribine/Dropbox/Marelle/app/public/wp-content/themes/marelle/functions.php on line 161
[14-Feb-2024 10:04:10 UTC] PHP Warning:  Undefined variable $image_data in /Users/neilcarribine/Dropbox/Marelle/app/public/wp-content/themes/marelle/functions.php on line 161
[14-Feb-2024 10:04:18 UTC] PHP Warning:  Undefined variable $image_data in /Users/neilcarribine/Dropbox/Marelle/app/public/wp-content/themes/marelle/functions.php on line 161
[14-Feb-2024 10:04:25 UTC] PHP Warning:  Undefined variable $image_data in /Users/neilcarribine/Dropbox/Marelle/app/public/wp-content/themes/marelle/functions.php on line 161
[14-Feb-2024 10:04:53 UTC] PHP Warning:  Undefined variable $image_data in /Users/neilcarribine/Dropbox/Marelle/app/public/wp-content/themes/marelle/functions.php on line 161
[14-Feb-2024 10:05:00 UTC] PHP Warning:  Undefined variable $image_data in /Users/neilcarribine/Dropbox/Marelle/app/public/wp-content/themes/marelle/functions.php on line 161
[14-Feb-2024 10:06:16 UTC] PHP Warning:  Undefined variable $image_data in /Users/neilcarribine/Dropbox/Marelle/app/public/wp-content/themes/marelle/functions.php on line 161
[14-Feb-2024 10:06:32 UTC] PHP Warning:  Undefined variable $image_data in /Users/neilcarribine/Dropbox/Marelle/app/public/wp-content/themes/marelle/functions.php on line 161
[14-Feb-2024 10:06:36 UTC] PHP Warning:  Undefined variable $image_data in /Users/neilcarribine/Dropbox/Marelle/app/public/wp-content/themes/marelle/functions.php on line 161
[14-Feb-2024 10:10:44 UTC] PHP Warning:  Undefined variable $image_data in /Users/neilcarribine/Dropbox/Marelle/app/public/wp-content/themes/marelle/functions.php on line 161
[14-Feb-2024 10:10:57 UTC] PHP Warning:  Undefined variable $image_data in /Users/neilcarribine/Dropbox/Marelle/app/public/wp-content/themes/marelle/functions.php on line 161
[14-Feb-2024 10:11:06 UTC] PHP Warning:  Undefined variable $image_data in /Users/neilcarribine/Dropbox/Marelle/app/public/wp-content/themes/marelle/functions.php on line 161
[14-Feb-2024 10:11:39 UTC] PHP Warning:  Undefined variable $image_data in /Users/neilcarribine/Dropbox/Marelle/app/public/wp-content/themes/marelle/functions.php on line 161
[14-Feb-2024 10:11:46 UTC] PHP Warning:  Undefined variable $image_data in /Users/neilcarribine/Dropbox/Marelle/app/public/wp-content/themes/marelle/functions.php on line 161
[14-Feb-2024 10:11:55 UTC] PHP Warning:  Undefined variable $image_data in /Users/neilcarribine/Dropbox/Marelle/app/public/wp-content/themes/marelle/functions.php on line 161
[14-Feb-2024 10:12:03 UTC] PHP Warning:  Undefined variable $image_data in /Users/neilcarribine/Dropbox/Marelle/app/public/wp-content/themes/marelle/functions.php on line 161
[14-Feb-2024 10:12:15 UTC] PHP Warning:  Undefined variable $image_data in /Users/neilcarribine/Dropbox/Marelle/app/public/wp-content/themes/marelle/functions.php on line 161
[14-Feb-2024 10:12:49 UTC] PHP Warning:  Undefined variable $image_data in /Users/neilcarribine/Dropbox/Marelle/app/public/wp-content/themes/marelle/functions.php on line 161
[14-Feb-2024 10:13:09 UTC] PHP Warning:  Undefined variable $image_data in /Users/neilcarribine/Dropbox/Marelle/app/public/wp-content/themes/marelle/functions.php on line 161
[14-Feb-2024 10:13:38 UTC] PHP Warning:  Undefined variable $image_data in /Users/neilcarribine/Dropbox/Marelle/app/public/wp-content/themes/marelle/functions.php on line 161
[14-Feb-2024 10:15:27 UTC] PHP Warning:  Undefined variable $image_data in /Users/neilcarribine/Dropbox/Marelle/app/public/wp-content/themes/marelle/functions.php on line 161
[14-Feb-2024 10:15:38 UTC] PHP Warning:  Undefined variable $image_data in /Users/neilcarribine/Dropbox/Marelle/app/public/wp-content/themes/marelle/functions.php on line 161
[14-Feb-2024 10:15:46 UTC] PHP Warning:  Undefined variable $image_data in /Users/neilcarribine/Dropbox/Marelle/app/public/wp-content/themes/marelle/functions.php on line 161
[14-Feb-2024 10:16:27 UTC] PHP Warning:  Undefined variable $image_data in /Users/neilcarribine/Dropbox/Marelle/app/public/wp-content/themes/marelle/functions.php on line 161
[14-Feb-2024 10:16:36 UTC] PHP Warning:  Undefined variable $image_data in /Users/neilcarribine/Dropbox/Marelle/app/public/wp-content/themes/marelle/functions.php on line 161
[14-Feb-2024 10:18:38 UTC] PHP Warning:  Undefined variable $image_data in /Users/neilcarribine/Dropbox/Marelle/app/public/wp-content/themes/marelle/functions.php on line 161
[14-Feb-2024 10:19:04 UTC] PHP Warning:  Undefined variable $image_data in /Users/neilcarribine/Dropbox/Marelle/app/public/wp-content/themes/marelle/functions.php on line 161
[14-Feb-2024 10:19:15 UTC] PHP Warning:  Undefined variable $image_data in /Users/neilcarribine/Dropbox/Marelle/app/public/wp-content/themes/marelle/functions.php on line 161
[14-Feb-2024 10:21:02 UTC] PHP Warning:  Undefined variable $image_data in /Users/neilcarribine/Dropbox/Marelle/app/public/wp-content/themes/marelle/functions.php on line 161
[14-Feb-2024 10:21:54 UTC] PHP Warning:  Undefined variable $image_data in /Users/neilcarribine/Dropbox/Marelle/app/public/wp-content/themes/marelle/functions.php on line 161
[14-Feb-2024 10:22:07 UTC] PHP Warning:  Undefined variable $image_data in /Users/neilcarribine/Dropbox/Marelle/app/public/wp-content/themes/marelle/functions.php on line 161
[14-Feb-2024 10:22:14 UTC] PHP Warning:  Undefined variable $image_data in /Users/neilcarribine/Dropbox/Marelle/app/public/wp-content/themes/marelle/functions.php on line 161
[14-Feb-2024 10:22:45 UTC] PHP Warning:  Undefined variable $image_data in /Users/neilcarribine/Dropbox/Marelle/app/public/wp-content/themes/marelle/functions.php on line 161
[14-Feb-2024 10:23:08 UTC] PHP Warning:  Undefined variable $image_data in /Users/neilcarribine/Dropbox/Marelle/app/public/wp-content/themes/marelle/functions.php on line 161
[14-Feb-2024 10:28:01 UTC] PHP Warning:  Undefined variable $image_data in /Users/neilcarribine/Dropbox/Marelle/app/public/wp-content/themes/marelle/functions.php on line 161
[14-Feb-2024 10:28:33 UTC] PHP Warning:  Undefined variable $image_data in /Users/neilcarribine/Dropbox/Marelle/app/public/wp-content/themes/marelle/functions.php on line 161
[14-Feb-2024 10:28:40 UTC] PHP Warning:  Undefined variable $image_data in /Users/neilcarribine/Dropbox/Marelle/app/public/wp-content/themes/marelle/functions.php on line 161
[14-Feb-2024 10:28:58 UTC] PHP Warning:  Undefined variable $image_data in /Users/neilcarribine/Dropbox/Marelle/app/public/wp-content/themes/marelle/functions.php on line 161
[14-Feb-2024 10:29:23 UTC] PHP Warning:  Undefined variable $image_data in /Users/neilcarribine/Dropbox/Marelle/app/public/wp-content/themes/marelle/functions.php on line 161
[14-Feb-2024 10:29:36 UTC] PHP Warning:  Undefined variable $image_data in /Users/neilcarribine/Dropbox/Marelle/app/public/wp-content/themes/marelle/functions.php on line 161
[14-Feb-2024 10:29:45 UTC] PHP Warning:  Undefined variable $image_data in /Users/neilcarribine/Dropbox/Marelle/app/public/wp-content/themes/marelle/functions.php on line 161
[14-Feb-2024 10:30:29 UTC] PHP Warning:  Undefined variable $image_data in /Users/neilcarribine/Dropbox/Marelle/app/public/wp-content/themes/marelle/functions.php on line 161
[14-Feb-2024 10:30:50 UTC] PHP Warning:  Undefined variable $image_data in /Users/neilcarribine/Dropbox/Marelle/app/public/wp-content/themes/marelle/functions.php on line 161
[14-Feb-2024 10:31:26 UTC] PHP Warning:  Undefined variable $image_data in /Users/neilcarribine/Dropbox/Marelle/app/public/wp-content/themes/marelle/functions.php on line 161
[14-Feb-2024 10:31:41 UTC] PHP Warning:  Undefined variable $image_data in /Users/neilcarribine/Dropbox/Marelle/app/public/wp-content/themes/marelle/functions.php on line 161
[14-Feb-2024 10:31:58 UTC] PHP Warning:  Undefined variable $image_data in /Users/neilcarribine/Dropbox/Marelle/app/public/wp-content/themes/marelle/functions.php on line 161
[14-Feb-2024 10:32:07 UTC] PHP Warning:  Undefined variable $image_data in /Users/neilcarribine/Dropbox/Marelle/app/public/wp-content/themes/marelle/functions.php on line 161
[14-Feb-2024 10:32:16 UTC] PHP Warning:  Undefined variable $image_data in /Users/neilcarribine/Dropbox/Marelle/app/public/wp-content/themes/marelle/functions.php on line 161
[14-Feb-2024 10:32:48 UTC] PHP Warning:  Undefined variable $image_data in /Users/neilcarribine/Dropbox/Marelle/app/public/wp-content/themes/marelle/functions.php on line 161
[14-Feb-2024 10:33:12 UTC] PHP Warning:  Undefined variable $image_data in /Users/neilcarribine/Dropbox/Marelle/app/public/wp-content/themes/marelle/functions.php on line 161
[14-Feb-2024 10:35:56 UTC] PHP Warning:  Undefined variable $image_data in /Users/neilcarribine/Dropbox/Marelle/app/public/wp-content/themes/marelle/functions.php on line 161
[14-Feb-2024 10:35:58 UTC] PHP Warning:  Undefined variable $image_data in /Users/neilcarribine/Dropbox/Marelle/app/public/wp-content/themes/marelle/functions.php on line 161
[14-Feb-2024 10:36:21 UTC] PHP Warning:  Undefined variable $image_data in /Users/neilcarribine/Dropbox/Marelle/app/public/wp-content/themes/marelle/functions.php on line 161
[14-Feb-2024 10:36:53 UTC] PHP Warning:  Undefined variable $image_data in /Users/neilcarribine/Dropbox/Marelle/app/public/wp-content/themes/marelle/functions.php on line 161
[14-Feb-2024 10:37:13 UTC] PHP Warning:  Undefined variable $image_data in /Users/neilcarribine/Dropbox/Marelle/app/public/wp-content/themes/marelle/functions.php on line 161
[14-Feb-2024 10:37:24 UTC] PHP Warning:  Undefined variable $image_data in /Users/neilcarribine/Dropbox/Marelle/app/public/wp-content/themes/marelle/functions.php on line 161
[14-Feb-2024 10:37:38 UTC] PHP Warning:  Undefined variable $image_data in /Users/neilcarribine/Dropbox/Marelle/app/public/wp-content/themes/marelle/functions.php on line 161
[14-Feb-2024 10:38:07 UTC] PHP Warning:  Undefined variable $image_data in /Users/neilcarribine/Dropbox/Marelle/app/public/wp-content/themes/marelle/functions.php on line 161
[14-Feb-2024 10:41:20 UTC] PHP Warning:  Undefined variable $image_data in /Users/neilcarribine/Dropbox/Marelle/app/public/wp-content/themes/marelle/functions.php on line 161
[14-Feb-2024 10:42:25 UTC] PHP Warning:  Undefined variable $image_data in /Users/neilcarribine/Dropbox/Marelle/app/public/wp-content/themes/marelle/functions.php on line 161
[14-Feb-2024 10:42:58 UTC] PHP Warning:  Undefined variable $image_data in /Users/neilcarribine/Dropbox/Marelle/app/public/wp-content/themes/marelle/functions.php on line 161
[14-Feb-2024 10:43:13 UTC] PHP Warning:  Undefined variable $image_data in /Users/neilcarribine/Dropbox/Marelle/app/public/wp-content/themes/marelle/functions.php on line 161
[14-Feb-2024 10:43:28 UTC] PHP Warning:  Undefined variable $image_data in /Users/neilcarribine/Dropbox/Marelle/app/public/wp-content/themes/marelle/functions.php on line 161
[14-Feb-2024 10:43:59 UTC] PHP Warning:  Undefined variable $image_data in /Users/neilcarribine/Dropbox/Marelle/app/public/wp-content/themes/marelle/functions.php on line 161
[14-Feb-2024 10:45:01 UTC] PHP Warning:  Undefined variable $image_data in /Users/neilcarribine/Dropbox/Marelle/app/public/wp-content/themes/marelle/functions.php on line 161
[14-Feb-2024 10:45:25 UTC] PHP Warning:  Undefined variable $image_data in /Users/neilcarribine/Dropbox/Marelle/app/public/wp-content/themes/marelle/functions.php on line 161
[14-Feb-2024 10:47:56 UTC] PHP Warning:  Undefined variable $image_data in /Users/neilcarribine/Dropbox/Marelle/app/public/wp-content/themes/marelle/functions.php on line 161
[14-Feb-2024 10:48:09 UTC] PHP Warning:  Undefined variable $image_data in /Users/neilcarribine/Dropbox/Marelle/app/public/wp-content/themes/marelle/functions.php on line 161
[14-Feb-2024 10:48:15 UTC] PHP Warning:  Undefined variable $image_data in /Users/neilcarribine/Dropbox/Marelle/app/public/wp-content/themes/marelle/functions.php on line 161
[14-Feb-2024 10:48:23 UTC] PHP Warning:  Undefined variable $image_data in /Users/neilcarribine/Dropbox/Marelle/app/public/wp-content/themes/marelle/functions.php on line 161
[14-Feb-2024 10:52:23 UTC] PHP Warning:  Undefined variable $image_data in /Users/neilcarribine/Dropbox/Marelle/app/public/wp-content/themes/marelle/functions.php on line 161
[14-Feb-2024 10:53:20 UTC] PHP Warning:  Undefined variable $image_data in /Users/neilcarribine/Dropbox/Marelle/app/public/wp-content/themes/marelle/functions.php on line 161
[14-Feb-2024 10:53:52 UTC] PHP Warning:  Undefined variable $image_data in /Users/neilcarribine/Dropbox/Marelle/app/public/wp-content/themes/marelle/functions.php on line 161
[14-Feb-2024 10:54:27 UTC] PHP Warning:  Undefined variable $image_data in /Users/neilcarribine/Dropbox/Marelle/app/public/wp-content/themes/marelle/functions.php on line 161
[14-Feb-2024 10:55:35 UTC] PHP Warning:  Undefined variable $image_data in /Users/neilcarribine/Dropbox/Marelle/app/public/wp-content/themes/marelle/functions.php on line 161
[14-Feb-2024 10:56:26 UTC] PHP Warning:  Undefined variable $image_data in /Users/neilcarribine/Dropbox/Marelle/app/public/wp-content/themes/marelle/functions.php on line 161
[14-Feb-2024 11:00:37 UTC] PHP Warning:  Undefined variable $image_data in /Users/neilcarribine/Dropbox/Marelle/app/public/wp-content/themes/marelle/functions.php on line 161
[14-Feb-2024 11:02:54 UTC] PHP Warning:  Undefined variable $image_data in /Users/neilcarribine/Dropbox/Marelle/app/public/wp-content/themes/marelle/functions.php on line 161
[14-Feb-2024 11:03:32 UTC] PHP Warning:  Undefined variable $image_data in /Users/neilcarribine/Dropbox/Marelle/app/public/wp-content/themes/marelle/functions.php on line 161
[14-Feb-2024 11:03:42 UTC] PHP Warning:  Undefined variable $image_data in /Users/neilcarribine/Dropbox/Marelle/app/public/wp-content/themes/marelle/functions.php on line 161
[14-Feb-2024 11:04:02 UTC] PHP Warning:  Undefined variable $image_data in /Users/neilcarribine/Dropbox/Marelle/app/public/wp-content/themes/marelle/functions.php on line 161
[14-Feb-2024 11:04:35 UTC] PHP Warning:  Undefined variable $image_data in /Users/neilcarribine/Dropbox/Marelle/app/public/wp-content/themes/marelle/functions.php on line 161
[14-Feb-2024 11:04:55 UTC] PHP Warning:  Undefined variable $image_data in /Users/neilcarribine/Dropbox/Marelle/app/public/wp-content/themes/marelle/functions.php on line 161
[14-Feb-2024 11:05:12 UTC] PHP Warning:  Undefined variable $image_data in /Users/neilcarribine/Dropbox/Marelle/app/public/wp-content/themes/marelle/functions.php on line 161
[14-Feb-2024 11:07:29 UTC] PHP Warning:  Undefined variable $image_data in /Users/neilcarribine/Dropbox/Marelle/app/public/wp-content/themes/marelle/functions.php on line 161
[14-Feb-2024 11:08:10 UTC] PHP Warning:  Undefined variable $image_data in /Users/neilcarribine/Dropbox/Marelle/app/public/wp-content/themes/marelle/functions.php on line 161
[14-Feb-2024 11:08:30 UTC] PHP Warning:  Undefined variable $image_data in /Users/neilcarribine/Dropbox/Marelle/app/public/wp-content/themes/marelle/functions.php on line 161
[14-Feb-2024 11:09:20 UTC] PHP Warning:  Undefined variable $image_data in /Users/neilcarribine/Dropbox/Marelle/app/public/wp-content/themes/marelle/functions.php on line 161
[14-Feb-2024 11:09:31 UTC] PHP Warning:  Undefined variable $image_data in /Users/neilcarribine/Dropbox/Marelle/app/public/wp-content/themes/marelle/functions.php on line 161
[14-Feb-2024 11:09:43 UTC] PHP Warning:  Undefined variable $image_data in /Users/neilcarribine/Dropbox/Marelle/app/public/wp-content/themes/marelle/functions.php on line 161
[14-Feb-2024 11:11:58 UTC] PHP Warning:  Undefined variable $image_data in /Users/neilcarribine/Dropbox/Marelle/app/public/wp-content/themes/marelle/functions.php on line 161
[14-Feb-2024 11:12:16 UTC] PHP Warning:  Undefined variable $image_data in /Users/neilcarribine/Dropbox/Marelle/app/public/wp-content/themes/marelle/functions.php on line 161
[14-Feb-2024 11:12:30 UTC] PHP Warning:  Undefined variable $image_data in /Users/neilcarribine/Dropbox/Marelle/app/public/wp-content/themes/marelle/functions.php on line 161
[14-Feb-2024 11:12:43 UTC] PHP Warning:  Undefined variable $image_data in /Users/neilcarribine/Dropbox/Marelle/app/public/wp-content/themes/marelle/functions.php on line 161
[14-Feb-2024 11:12:53 UTC] PHP Warning:  Undefined variable $image_data in /Users/neilcarribine/Dropbox/Marelle/app/public/wp-content/themes/marelle/functions.php on line 161
[14-Feb-2024 11:14:39 UTC] PHP Warning:  Undefined variable $image_data in /Users/neilcarribine/Dropbox/Marelle/app/public/wp-content/themes/marelle/functions.php on line 161
[14-Feb-2024 11:47:04 UTC] PHP Warning:  Undefined variable $image_data in /Users/neilcarribine/Dropbox/Marelle/app/public/wp-content/themes/marelle/functions.php on line 161
[14-Feb-2024 11:48:37 UTC] PHP Warning:  Undefined variable $image_data in /Users/neilcarribine/Dropbox/Marelle/app/public/wp-content/themes/marelle/functions.php on line 161
[14-Feb-2024 11:50:00 UTC] PHP Warning:  Undefined variable $image_data in /Users/neilcarribine/Dropbox/Marelle/app/public/wp-content/themes/marelle/functions.php on line 161
[14-Feb-2024 11:52:25 UTC] PHP Warning:  Undefined variable $image_data in /Users/neilcarribine/Dropbox/Marelle/app/public/wp-content/themes/marelle/functions.php on line 161
[14-Feb-2024 11:57:03 UTC] PHP Warning:  Undefined variable $image_data in /Users/neilcarribine/Dropbox/Marelle/app/public/wp-content/themes/marelle/functions.php on line 161
[14-Feb-2024 11:57:46 UTC] PHP Warning:  Undefined variable $image_data in /Users/neilcarribine/Dropbox/Marelle/app/public/wp-content/themes/marelle/functions.php on line 161
[14-Feb-2024 12:01:43 UTC] PHP Warning:  Undefined variable $image_data in /Users/neilcarribine/Dropbox/Marelle/app/public/wp-content/themes/marelle/functions.php on line 161
[14-Feb-2024 17:36:39 UTC] PHP Warning:  Undefined variable $image_data in /Users/neilcarribine/Dropbox/Marelle/app/public/wp-content/themes/marelle/functions.php on line 161
[15-Feb-2024 08:50:26 UTC] PHP Warning:  Undefined variable $image_data in /Users/neilcarribine/Dropbox/Marelle/app/public/wp-content/themes/marelle/functions.php on line 161
[15-Feb-2024 08:50:48 UTC] PHP Warning:  Undefined variable $image_data in /Users/neilcarribine/Dropbox/Marelle/app/public/wp-content/themes/marelle/functions.php on line 161
[15-Feb-2024 08:51:08 UTC] PHP Warning:  Undefined variable $image_data in /Users/neilcarribine/Dropbox/Marelle/app/public/wp-content/themes/marelle/functions.php on line 161
[15-Feb-2024 08:51:43 UTC] PHP Warning:  Undefined variable $image_data in /Users/neilcarribine/Dropbox/Marelle/app/public/wp-content/themes/marelle/functions.php on line 161
[15-Feb-2024 09:00:44 UTC] PHP Warning:  Undefined variable $image_data in /Users/neilcarribine/Dropbox/Marelle/app/public/wp-content/themes/marelle/functions.php on line 161
[15-Feb-2024 09:00:58 UTC] PHP Warning:  Undefined variable $image_data in /Users/neilcarribine/Dropbox/Marelle/app/public/wp-content/themes/marelle/functions.php on line 161
[15-Feb-2024 09:05:15 UTC] PHP Warning:  Undefined variable $image_data in /Users/neilcarribine/Dropbox/Marelle/app/public/wp-content/themes/marelle/functions.php on line 161
[15-Feb-2024 10:50:33 UTC] PHP Warning:  Undefined variable $image_data in /Users/neilcarribine/Dropbox/Marelle/app/public/wp-content/themes/marelle/functions.php on line 161
[15-Feb-2024 11:10:07 UTC] PHP Warning:  Undefined variable $image_data in /Users/neilcarribine/Dropbox/Marelle/app/public/wp-content/themes/marelle/functions.php on line 161
[15-Feb-2024 11:13:54 UTC] PHP Warning:  Undefined variable $image_data in /Users/neilcarribine/Dropbox/Marelle/app/public/wp-content/themes/marelle/functions.php on line 161
[15-Feb-2024 11:14:32 UTC] PHP Warning:  Undefined variable $image_data in /Users/neilcarribine/Dropbox/Marelle/app/public/wp-content/themes/marelle/functions.php on line 161
[15-Feb-2024 12:16:52 UTC] PHP Warning:  Undefined variable $image_data in /Users/neilcarribine/Dropbox/Marelle/app/public/wp-content/themes/marelle/functions.php on line 161
[15-Feb-2024 12:23:44 UTC] PHP Warning:  Undefined variable $image_data in /Users/neilcarribine/Dropbox/Marelle/app/public/wp-content/themes/marelle/functions.php on line 161
[15-Feb-2024 12:35:04 UTC] PHP Warning:  Undefined variable $image_data in /Users/neilcarribine/Dropbox/Marelle/app/public/wp-content/themes/marelle/functions.php on line 161
[15-Feb-2024 12:37:59 UTC] PHP Warning:  Undefined variable $image_data in /Users/neilcarribine/Dropbox/Marelle/app/public/wp-content/themes/marelle/functions.php on line 161
[15-Feb-2024 12:46:27 UTC] PHP Warning:  Undefined variable $image_data in /Users/neilcarribine/Dropbox/Marelle/app/public/wp-content/themes/marelle/functions.php on line 161
[15-Feb-2024 12:46:50 UTC] PHP Warning:  Undefined variable $image_data in /Users/neilcarribine/Dropbox/Marelle/app/public/wp-content/themes/marelle/functions.php on line 161
[15-Feb-2024 12:49:47 UTC] PHP Warning:  Undefined variable $image_data in /Users/neilcarribine/Dropbox/Marelle/app/public/wp-content/themes/marelle/functions.php on line 161
[15-Feb-2024 12:50:08 UTC] PHP Warning:  Undefined variable $image_data in /Users/neilcarribine/Dropbox/Marelle/app/public/wp-content/themes/marelle/functions.php on line 161
[15-Feb-2024 12:50:32 UTC] PHP Warning:  Undefined variable $image_data in /Users/neilcarribine/Dropbox/Marelle/app/public/wp-content/themes/marelle/functions.php on line 161
[15-Feb-2024 12:51:45 UTC] PHP Warning:  Undefined variable $image_data in /Users/neilcarribine/Dropbox/Marelle/app/public/wp-content/themes/marelle/functions.php on line 161
[15-Feb-2024 12:52:09 UTC] PHP Warning:  Undefined variable $image_data in /Users/neilcarribine/Dropbox/Marelle/app/public/wp-content/themes/marelle/functions.php on line 161
[15-Feb-2024 12:53:55 UTC] PHP Warning:  Undefined variable $image_data in /Users/neilcarribine/Dropbox/Marelle/app/public/wp-content/themes/marelle/functions.php on line 161
[15-Feb-2024 12:58:03 UTC] PHP Warning:  Undefined variable $image_data in /Users/neilcarribine/Dropbox/Marelle/app/public/wp-content/themes/marelle/functions.php on line 161
[15-Feb-2024 12:58:21 UTC] PHP Warning:  Undefined variable $image_data in /Users/neilcarribine/Dropbox/Marelle/app/public/wp-content/themes/marelle/functions.php on line 161
[15-Feb-2024 12:59:06 UTC] PHP Warning:  Undefined variable $image_data in /Users/neilcarribine/Dropbox/Marelle/app/public/wp-content/themes/marelle/functions.php on line 161
[15-Feb-2024 12:59:45 UTC] PHP Warning:  Undefined variable $image_data in /Users/neilcarribine/Dropbox/Marelle/app/public/wp-content/themes/marelle/functions.php on line 161
[15-Feb-2024 13:00:13 UTC] PHP Warning:  Undefined variable $image_data in /Users/neilcarribine/Dropbox/Marelle/app/public/wp-content/themes/marelle/functions.php on line 161
[15-Feb-2024 13:00:42 UTC] PHP Warning:  Undefined variable $image_data in /Users/neilcarribine/Dropbox/Marelle/app/public/wp-content/themes/marelle/functions.php on line 161
[15-Feb-2024 13:02:01 UTC] PHP Warning:  Undefined variable $image_data in /Users/neilcarribine/Dropbox/Marelle/app/public/wp-content/themes/marelle/functions.php on line 161
[15-Feb-2024 13:02:33 UTC] PHP Warning:  Undefined variable $image_data in /Users/neilcarribine/Dropbox/Marelle/app/public/wp-content/themes/marelle/functions.php on line 161
[15-Feb-2024 13:02:47 UTC] PHP Warning:  Undefined variable $image_data in /Users/neilcarribine/Dropbox/Marelle/app/public/wp-content/themes/marelle/functions.php on line 161
[15-Feb-2024 13:13:21 UTC] PHP Warning:  Undefined variable $image_data in /Users/neilcarribine/Dropbox/Marelle/app/public/wp-content/themes/marelle/functions.php on line 161
[15-Feb-2024 13:14:12 UTC] PHP Warning:  Undefined variable $image_data in /Users/neilcarribine/Dropbox/Marelle/app/public/wp-content/themes/marelle/functions.php on line 161
