[06-Feb-2024 11:23:26] NOTICE: fpm is running, pid 11059
[06-Feb-2024 11:23:26] NOTICE: ready to handle connections
[07-Feb-2024 09:43:06] NOTICE: Terminating ...
[07-Feb-2024 09:43:06] NOTICE: Terminating ...
[07-Feb-2024 09:43:06] NOTICE: exiting, bye-bye!
[07-Feb-2024 09:43:10] NOTICE: fpm is running, pid 61619
[07-Feb-2024 09:43:10] NOTICE: ready to handle connections
[07-Feb-2024 18:00:04] NOTICE: Terminating ...
[07-Feb-2024 18:00:04] NOTICE: Terminating ...
[07-Feb-2024 18:00:04] NOTICE: exiting, bye-bye!
[07-Feb-2024 18:00:06] NOTICE: fpm is running, pid 74871
[07-Feb-2024 18:00:06] NOTICE: ready to handle connections
[07-Feb-2024 20:24:42] WARNING: [pool www] child 74879 said into stderr: "sh: about_paragraph-en: command not found"
[07-Feb-2024 20:24:42] WARNING: [pool www] child 74879 said into stderr: "sh: about_paragraph-main-en: command not found"
[07-Feb-2024 20:24:42] WARNING: [pool www] child 74879 said into stderr: "sh: services-introduction-en: command not found"
[07-Feb-2024 20:24:43] WARNING: [pool www] child 74879 said into stderr: "sh: rates-introduction-: command not found"
[07-Feb-2024 20:24:43] WARNING: [pool www] child 74879 said into stderr: "sh: rates-: command not found"
[07-Feb-2024 20:24:43] WARNING: [pool www] child 74879 said into stderr: "sh: rates-conclusion-: command not found"
[07-Feb-2024 20:24:43] WARNING: [pool www] child 74879 said into stderr: "sh: introduction-en: command not found"
[08-Feb-2024 20:59:35] NOTICE: Terminating ...
[08-Feb-2024 20:59:35] NOTICE: Terminating ...
[08-Feb-2024 20:59:35] NOTICE: exiting, bye-bye!
[12-Feb-2024 13:49:45] NOTICE: fpm is running, pid 61926
[12-Feb-2024 13:49:45] NOTICE: ready to handle connections
[12-Feb-2024 16:38:14] NOTICE: Terminating ...
[12-Feb-2024 16:38:14] NOTICE: Terminating ...
[12-Feb-2024 16:38:14] NOTICE: exiting, bye-bye!
[14-Feb-2024 09:41:12] NOTICE: fpm is running, pid 86976
[14-Feb-2024 09:41:12] NOTICE: ready to handle connections
[14-Feb-2024 18:22:56] NOTICE: Terminating ...
[14-Feb-2024 18:22:56] NOTICE: Terminating ...
[14-Feb-2024 18:22:56] NOTICE: exiting, bye-bye!
[15-Feb-2024 08:49:30] NOTICE: fpm is running, pid 1953
[15-Feb-2024 08:49:30] NOTICE: ready to handle connections
[15-Feb-2024 17:34:44] NOTICE: Terminating ...
[15-Feb-2024 17:34:44] NOTICE: Terminating ...
[15-Feb-2024 17:34:44] NOTICE: exiting, bye-bye!
[15-Feb-2024 17:48:26] NOTICE: fpm is running, pid 68744
[15-Feb-2024 17:48:26] NOTICE: ready to handle connections
[15-Feb-2024 17:51:39] NOTICE: Terminating ...
[15-Feb-2024 17:51:39] NOTICE: exiting, bye-bye!
